session#14
firmware version:0.32.5 (2.1.1)
{"time":5235,"point":["td",45.099447,35.772279,750.00]}
{"time":5239,"error":"radio: disconnected"}
{"time":5242,"warning":"pin1: inserted"}
{"time":5245,"warning":"pin2: inserted"}
{"time":5247,"warning":"map: out of area"}
{"time":2679168,"warning":"pin1: has been removed"}
{"time":2693228,"warning":"pyro: has been enabled!"}
{"time":2693740,"warning":"pin2: has been removed!"}
{"time":2716852,"warning":"map: available"}
{"time":2723825,"warning":"bims-relay: has been enabled!"}
{"time":2725175,"series":["timestamp",0,0]}
{"time":2725178,"series":["sns_lat",0,787395073743]}
{"time":2725182,"series":["sns_lon",0,624350849428]}
{"time":2725186,"series":["sns_alt",0,1027900064054520]}
{"time":2725189,"series":["sns_vel_lat",0,-17507250]}
{"time":2725193,"series":["sns_vel_lon",0,7552677]}
{"time":2725197,"series":["sns_vel_alt",0,-3962883]}
{"time":2725200,"series":["sns_course",0,2733900]}
{"time":2725204,"series":["sns_heading_true",0,605291]}
{"time":2725208,"series":["sns_heading_mgn",0,513857]}
{"time":2725211,"series":["sns_pitch",0,-5602]}
{"time":2725215,"series":["sns_roll",0,120069]}
{"time":2725218,"series":["sws_true_speed",0,18.080313]}
{"time":2725222,"series":["sws_inst_speed",0,17.214781]}
{"time":2725226,"series":["sws_abs_height",0,1010.265503]}
{"time":2725230,"series":["bim_l_pos",0,0]}
{"time":2725233,"series":["bim_r_pos",0,0]}
{"time":2725236,"track":[0,45.114414,35.772668,1027.90]}
{"time":2725240,"series":["velocity_lat",0,-17.507250]}
{"time":2725244,"series":["velocity_lon",0,7.552677]}
{"time":2725247,"series":["velocity_alt",0,-3.962883]}
{"time":2725251,"series":["heading_true",0,0.605291]}
{"time":2725255,"series":["heading_mgn",0,0.513857]}
{"time":2725258,"series":["course",0,2.733900]}
{"time":2725262,"series":["pitch",0,-0.005602]}
{"time":2725265,"series":["roll",0,0.120069]}
{"time":2725268,"series":["map",0,53.00]}
{"time":2725271,"series":["bim_left_cmd",0,0]}
{"time":2725274,"series":["bim_right_cmd",0,0]}
{"time":2725278,"series":["td_cmd",0,0]}
{"time":2726175,"series":["timestamp",1,1]}
{"time":2726178,"series":["sns_lat",1,787392377296]}
{"time":2726182,"series":["sns_lon",1,624352562513]}
{"time":2726186,"series":["sns_alt",1,1026638879633500]}
{"time":2726190,"series":["sns_vel_lat",1,-17767701]}
{"time":2726193,"series":["sns_vel_lon",1,7187865]}
{"time":2726197,"series":["sns_vel_alt",1,-4212303]}
{"time":2726200,"series":["sns_course",1,2754980]}
{"time":2726204,"series":["sns_heading_true",1,767392]}
{"time":2726208,"series":["sns_heading_mgn",1,675959]}
{"time":2726212,"series":["sns_pitch",1,-63025]}
{"time":2726215,"series":["sns_roll",1,87660]}
{"time":2726218,"series":["sws_true_speed",1,18.807686]}
{"time":2726222,"series":["sws_inst_speed",1,17.911535]}
{"time":2726226,"series":["sws_abs_height",1,1005.488892]}
{"time":2726230,"series":["bim_l_pos",1,0]}
{"time":2726233,"series":["bim_r_pos",1,0]}
{"time":2726236,"track":[1,45.114259,35.772766,1026.64]}
{"time":2726240,"series":["velocity_lat",1,-17.767701]}
{"time":2726244,"series":["velocity_lon",1,7.187865]}
{"time":2726248,"series":["velocity_alt",1,-4.212303]}
{"time":2726251,"series":["heading_true",1,0.767392]}
{"time":2726255,"series":["heading_mgn",1,0.675959]}
{"time":2726259,"series":["course",1,2.754980]}
{"time":2726262,"series":["pitch",1,-0.063025]}
{"time":2726265,"series":["roll",1,0.087660]}
{"time":2726268,"series":["map",1,53.00]}
{"time":2726271,"series":["bim_left_cmd",1,0]}
{"time":2726274,"series":["bim_right_cmd",1,0]}
{"time":2726278,"series":["td_cmd",1,0]}
{"time":2727208,"series":["timestamp",2,2]}
{"time":2727211,"series":["sns_lat",2,787389617302]}
{"time":2727215,"series":["sns_lon",2,624354242292]}
{"time":2727219,"series":["sns_alt",2,1023622884757674]}
{"time":2727222,"series":["sns_vel_lat",2,-18139958]}
{"time":2727226,"series":["sns_vel_lon",2,7510983]}
{"time":2727230,"series":["sns_vel_alt",2,-4675274]}
{"time":2727233,"series":["sns_course",2,2749356]}
{"time":2727237,"series":["sns_heading_true",2,5004124]}
{"time":2727241,"series":["sns_heading_mgn",2,4912691]}
{"time":2727245,"series":["sns_pitch",2,-130919]}
{"time":2727248,"series":["sns_roll",2,867]}
{"time":2727251,"series":["sws_true_speed",2,22.601257]}
{"time":2727255,"series":["sws_inst_speed",2,21.527235]}
{"time":2727259,"series":["sws_abs_height",2,1002.760254]}
{"time":2727263,"series":["bim_l_pos",2,0]}
{"time":2727266,"series":["bim_r_pos",2,0]}
{"time":2727269,"track":[2,45.114101,35.772862,1023.62]}
{"time":2727273,"series":["velocity_lat",2,-18.139958]}
{"time":2727277,"series":["velocity_lon",2,7.510983]}
{"time":2727281,"series":["velocity_alt",2,-4.675274]}
{"time":2727284,"series":["heading_true",2,5.004124]}
{"time":2727288,"series":["heading_mgn",2,4.912691]}
{"time":2727292,"series":["course",2,2.749356]}
{"time":2727295,"series":["pitch",2,-0.130919]}
{"time":2727298,"series":["roll",2,0.000867]}
{"time":2727302,"series":["map",2,52.00]}
{"time":2727304,"series":["bim_left_cmd",2,0]}
{"time":2727308,"series":["bim_right_cmd",2,30]}
{"time":2727311,"series":["td_cmd",2,0]}
{"time":2728359,"series":["timestamp",3,3]}
{"time":2728362,"series":["sns_lat",3,787386785441]}
{"time":2728366,"series":["sns_lon",3,624355965238]}
{"time":2728370,"series":["sns_alt",3,1019136236644725]}
{"time":2728373,"series":["sns_vel_lat",3,-18526833]}
{"time":2728377,"series":["sns_vel_lon",3,8093848]}
{"time":2728381,"series":["sns_vel_alt",3,-5166888]}
{"time":2728384,"series":["sns_course",3,2731720]}
{"time":2728388,"series":["sns_heading_true",3,488332]}
{"time":2728392,"series":["sns_heading_mgn",3,396899]}
{"time":2728395,"series":["sns_pitch",3,-57077]}
{"time":2728399,"series":["sns_roll",3,65096]}
{"time":2728402,"series":["sws_true_speed",3,22.011818]}
{"time":2728406,"series":["sws_inst_speed",3,20.977039]}
{"time":2728410,"series":["sws_abs_height",3,991.851624]}
{"time":2728414,"series":["bim_l_pos",3,0]}
{"time":2728417,"series":["bim_r_pos",3,15]}
{"time":2728420,"track":[3,45.113939,35.772961,1019.14]}
{"time":2728424,"series":["velocity_lat",3,-18.526833]}
{"time":2728428,"series":["velocity_lon",3,8.093848]}
{"time":2728431,"series":["velocity_alt",3,-5.166888]}
{"time":2728435,"series":["heading_true",3,0.488332]}
{"time":2728439,"series":["heading_mgn",3,0.396899]}
{"time":2728442,"series":["course",3,2.731720]}
{"time":2728446,"series":["pitch",3,-0.057077]}
{"time":2728449,"series":["roll",3,0.065096]}
{"time":2728452,"series":["map",3,52.00]}
{"time":2728455,"series":["bim_left_cmd",3,0]}
{"time":2728458,"series":["bim_right_cmd",3,30]}
{"time":2728462,"series":["td_cmd",3,0]}
{"time":2729199,"series":["timestamp",4,4]}
{"time":2729202,"series":["sns_lat",4,787383835019]}
{"time":2729206,"series":["sns_lon",4,624357869932]}
{"time":2729210,"series":["sns_alt",4,1013814015076658]}
{"time":2729214,"series":["sns_vel_lat",4,-18905642]}
{"time":2729217,"series":["sns_vel_lon",4,8842452]}
{"time":2729221,"series":["sns_vel_alt",4,-5586485]}
{"time":2729224,"series":["sns_course",4,2705678]}
{"time":2729228,"series":["sns_heading_true",4,1116133]}
{"time":2729232,"series":["sns_heading_mgn",4,1024700]}
{"time":2729236,"series":["sns_pitch",4,-94381]}
{"time":2729239,"series":["sns_roll",4,265563]}
{"time":2729242,"series":["sws_true_speed",4,21.827068]}
{"time":2729246,"series":["sws_inst_speed",4,20.806822]}
{"time":2729250,"series":["sws_abs_height",4,986.128418]}
{"time":2729254,"series":["bim_l_pos",4,0]}
{"time":2729257,"series":["bim_r_pos",4,27]}
{"time":2729260,"track":[4,45.113770,35.773070,1013.81]}
{"time":2729264,"series":["velocity_lat",4,-18.905642]}
{"time":2729268,"series":["velocity_lon",4,8.842452]}
{"time":2729272,"series":["velocity_alt",4,-5.586485]}
{"time":2729275,"series":["heading_true",4,1.116133]}
{"time":2729279,"series":["heading_mgn",4,1.024700]}
{"time":2729283,"series":["course",4,2.705678]}
{"time":2729286,"series":["pitch",4,-0.094381]}
{"time":2729289,"series":["roll",4,0.265563]}
{"time":2729293,"series":["map",4,51.00]}
{"time":2729295,"series":["bim_left_cmd",4,0]}
{"time":2729299,"series":["bim_right_cmd",4,30]}
{"time":2729302,"series":["td_cmd",4,0]}
{"time":2730192,"series":["timestamp",5,5]}
{"time":2730195,"series":["sns_lat",5,787380874986]}
{"time":2730199,"series":["sns_lon",5,624360004114]}
{"time":2730203,"series":["sns_alt",5,1008552716309692]}
{"time":2730207,"series":["sns_vel_lat",5,-18650892]}
{"time":2730210,"series":["sns_vel_lon",5,9964811]}
{"time":2730214,"series":["sns_vel_alt",5,-5722982]}
{"time":2730217,"series":["sns_course",5,2652458]}
{"time":2730221,"series":["sns_heading_true",5,1220490]}
{"time":2730225,"series":["sns_heading_mgn",5,1129057]}
{"time":2730229,"series":["sns_pitch",5,30940]}
{"time":2730232,"series":["sns_roll",5,384615]}
{"time":2730235,"series":["sws_true_speed",5,22.890717]}
{"time":2730239,"series":["sws_inst_speed",5,21.824984]}
{"time":2730243,"series":["sws_abs_height",5,982.178223]}
{"time":2730247,"series":["bim_l_pos",5,0]}
{"time":2730250,"series":["bim_r_pos",5,30]}
{"time":2730253,"track":[5,45.113600,35.773193,1008.55]}
{"time":2730257,"series":["velocity_lat",5,-18.650892]}
{"time":2730261,"series":["velocity_lon",5,9.964811]}
{"time":2730265,"series":["velocity_alt",5,-5.722982]}
{"time":2730268,"series":["heading_true",5,1.220490]}
{"time":2730272,"series":["heading_mgn",5,1.129057]}
{"time":2730276,"series":["course",5,2.652458]}
{"time":2730279,"series":["pitch",5,0.030940]}
{"time":2730282,"series":["roll",5,0.384615]}
{"time":2730285,"series":["map",5,52.00]}
{"time":2730288,"series":["bim_left_cmd",5,0]}
{"time":2730292,"series":["bim_right_cmd",5,30]}
{"time":2730295,"series":["td_cmd",5,0]}
{"time":2731193,"series":["timestamp",6,6]}
{"time":2731196,"series":["sns_lat",6,787378045516]}
{"time":2731199,"series":["sns_lon",6,624362396221]}
{"time":2731203,"series":["sns_alt",6,1003688214070423]}
{"time":2731207,"series":["sns_vel_lat",6,-17445879]}
{"time":2731210,"series":["sns_vel_lon",6,11466176]}
{"time":2731214,"series":["sns_vel_alt",6,-5558019]}
{"time":2731218,"series":["sns_course",6,2561516]}
{"time":2731221,"series":["sns_heading_true",6,1250202]}
{"time":2731225,"series":["sns_heading_mgn",6,1158769]}
{"time":2731229,"series":["sns_pitch",6,-16849]}
{"time":2731232,"series":["sns_roll",6,338039]}
{"time":2731236,"series":["sws_true_speed",6,20.810633]}
{"time":2731239,"series":["sws_inst_speed",6,19.847580]}
{"time":2731243,"series":["sws_abs_height",6,976.187195]}
{"time":2731247,"series":["bim_l_pos",6,0]}
{"time":2731250,"series":["bim_r_pos",6,30]}
{"time":2731253,"track":[6,45.113438,35.773330,1003.69]}
{"time":2731257,"series":["velocity_lat",6,-17.445879]}
{"time":2731261,"series":["velocity_lon",6,11.466176]}
{"time":2731265,"series":["velocity_alt",6,-5.558019]}
{"time":2731269,"series":["heading_true",6,1.250202]}
{"time":2731272,"series":["heading_mgn",6,1.158769]}
{"time":2731276,"series":["course",6,2.561516]}
{"time":2731279,"series":["pitch",6,-0.016849]}
{"time":2731283,"series":["roll",6,0.338039]}
{"time":2731286,"series":["map",6,52.00]}
{"time":2731289,"series":["bim_left_cmd",6,0]}
{"time":2731292,"series":["bim_right_cmd",6,30]}
{"time":2731295,"series":["td_cmd",6,0]}
{"time":2732344,"series":["timestamp",7,7]}
{"time":2732347,"series":["sns_lat",7,787375408466]}
{"time":2732350,"series":["sns_lon",7,624365128473]}
{"time":2732354,"series":["sns_alt",7,998763901795094]}
{"time":2732358,"series":["sns_vel_lat",7,-14839170]}
{"time":2732361,"series":["sns_vel_lon",7,13354054]}
{"time":2732365,"series":["sns_vel_alt",7,-5240138]}
{"time":2732369,"series":["sns_course",7,2413698]}
{"time":2732372,"series":["sns_heading_true",7,1109853]}
{"time":2732376,"series":["sns_heading_mgn",7,1018421]}
{"time":2732380,"series":["sns_pitch",7,-24077]}
{"time":2732383,"series":["sns_roll",7,266935]}
{"time":2732387,"series":["sws_true_speed",7,19.142656]}
{"time":2732390,"series":["sws_inst_speed",7,18.261183]}
{"time":2732394,"series":["sws_abs_height",7,971.287598]}
{"time":2732398,"series":["bim_l_pos",7,0]}
{"time":2732401,"series":["bim_r_pos",7,30]}
{"time":2732404,"track":[7,45.113287,35.773486,998.76]}
{"time":2732408,"series":["velocity_lat",7,-14.839170]}
{"time":2732412,"series":["velocity_lon",7,13.354054]}
{"time":2732416,"series":["velocity_alt",7,-5.240138]}
{"time":2732420,"series":["heading_true",7,1.109853]}
{"time":2732424,"series":["heading_mgn",7,1.018421]}
{"time":2732427,"series":["course",7,2.413698]}
{"time":2732431,"series":["pitch",7,-0.024077]}
{"time":2732434,"series":["roll",7,0.266935]}
{"time":2732437,"series":["map",7,52.00]}
{"time":2732440,"series":["bim_left_cmd",7,0]}
{"time":2732443,"series":["bim_right_cmd",7,30]}
{"time":2732447,"series":["td_cmd",7,0]}
{"time":2733217,"series":["timestamp",8,8]}
{"time":2733220,"series":["sns_lat",8,787373297448]}
{"time":2733223,"series":["sns_lon",8,624368319827]}
{"time":2733227,"series":["sns_alt",8,993895305853697]}
{"time":2733231,"series":["sns_vel_lat",8,-11632439]}
{"time":2733234,"series":["sns_vel_lon",8,15397765]}
{"time":2733238,"series":["sns_vel_alt",8,-5030761]}
{"time":2733242,"series":["sns_course",8,2222857]}
{"time":2733245,"series":["sns_heading_true",8,1114018]}
{"time":2733249,"series":["sns_heading_mgn",8,1022585]}
{"time":2733253,"series":["sns_pitch",8,-64813]}
{"time":2733256,"series":["sns_roll",8,243921]}
{"time":2733260,"series":["sws_true_speed",8,20.044243]}
{"time":2733263,"series":["sws_inst_speed",8,19.124189]}
{"time":2733267,"series":["sws_abs_height",8,968.158264]}
{"time":2733271,"series":["bim_l_pos",8,0]}
{"time":2733274,"series":["bim_r_pos",8,30]}
{"time":2733277,"track":[8,45.113166,35.773669,993.90]}
{"time":2733281,"series":["velocity_lat",8,-11.632439]}
{"time":2733285,"series":["velocity_lon",8,15.397765]}
{"time":2733289,"series":["velocity_alt",8,-5.030761]}
{"time":2733293,"series":["heading_true",8,1.114018]}
{"time":2733296,"series":["heading_mgn",8,1.022585]}
{"time":2733300,"series":["course",8,2.222857]}
{"time":2733303,"series":["pitch",8,-0.064813]}
{"time":2733307,"series":["roll",8,0.243921]}
{"time":2733310,"series":["map",8,52.00]}
{"time":2733313,"series":["bim_left_cmd",8,0]}
{"time":2733316,"series":["bim_right_cmd",8,30]}
{"time":2733319,"series":["td_cmd",8,0]}
{"time":2734177,"series":["timestamp",9,9]}
{"time":2734180,"series":["sns_lat",9,787371767914]}
{"time":2734183,"series":["sns_lon",9,624371931333]}
{"time":2734187,"series":["sns_alt",9,988561806186603]}
{"time":2734191,"series":["sns_vel_lat",9,-8035153]}
{"time":2734194,"series":["sns_vel_lon",9,17275651]}
{"time":2734198,"series":["sns_vel_alt",9,-5132641]}
{"time":2734202,"series":["sns_course",9,2011972]}
{"time":2734205,"series":["sns_heading_true",9,795918]}
{"time":2734209,"series":["sns_heading_mgn",9,704485]}
{"time":2734213,"series":["sns_pitch",9,6298]}
{"time":2734216,"series":["sns_roll",9,118546]}
{"time":2734219,"series":["sws_true_speed",9,20.756659]}
{"time":2734223,"series":["sws_inst_speed",9,19.809324]}
{"time":2734227,"series":["sws_abs_height",9,962.581909]}
{"time":2734231,"series":["bim_l_pos",9,0]}
{"time":2734234,"series":["bim_r_pos",9,30]}
{"time":2734237,"track":[9,45.113079,35.773876,988.56]}
{"time":2734241,"series":["velocity_lat",9,-8.035153]}
{"time":2734245,"series":["velocity_lon",9,17.275651]}
{"time":2734249,"series":["velocity_alt",9,-5.132641]}
{"time":2734252,"series":["heading_true",9,0.795918]}
{"time":2734256,"series":["heading_mgn",9,0.704485]}
{"time":2734260,"series":["course",9,2.011972]}
{"time":2734263,"series":["pitch",9,0.006298]}
{"time":2734266,"series":["roll",9,0.118546]}
{"time":2734269,"series":["map",9,51.00]}
{"time":2734272,"series":["bim_left_cmd",9,0]}
{"time":2734276,"series":["bim_right_cmd",9,30]}
{"time":2734279,"series":["td_cmd",9,0]}
{"time":2735209,"series":["timestamp",10,10]}
{"time":2735212,"series":["sns_lat",10,787370862409]}
{"time":2735216,"series":["sns_lon",10,624376465962]}
{"time":2735219,"series":["sns_alt",10,981344718404859]}
{"time":2735223,"series":["sns_vel_lat",10,-3340789]}
{"time":2735227,"series":["sns_vel_lon",10,19246485]}
{"time":2735231,"series":["sns_vel_alt",10,-5576816]}
{"time":2735234,"series":["sns_course",10,1749042]}
{"time":2735238,"series":["sns_heading_true",10,889982]}
{"time":2735242,"series":["sns_heading_mgn",10,798548]}
{"time":2735246,"series":["sns_pitch",10,-34921]}
{"time":2735249,"series":["sns_roll",10,145448]}
{"time":2735253,"series":["sws_true_speed",10,22.059229]}
{"time":2735257,"series":["sws_inst_speed",10,21.059048]}
{"time":2735261,"series":["sws_abs_height",10,956.191528]}
{"time":2735265,"series":["bim_l_pos",10,0]}
{"time":2735268,"series":["bim_r_pos",10,30]}
{"time":2735271,"track":[10,45.113027,35.774136,981.34]}
{"time":2735275,"series":["velocity_lat",10,-3.340789]}
{"time":2735279,"series":["velocity_lon",10,19.246485]}
{"time":2735283,"series":["velocity_alt",10,-5.576816]}
{"time":2735286,"series":["heading_true",10,0.889982]}
{"time":2735290,"series":["heading_mgn",10,0.798548]}
{"time":2735294,"series":["course",10,1.749042]}
{"time":2735297,"series":["pitch",10,-0.034921]}
{"time":2735301,"series":["roll",10,0.145448]}
{"time":2735304,"series":["map",10,51.00]}
{"time":2735307,"series":["bim_left_cmd",10,0]}
{"time":2735310,"series":["bim_right_cmd",10,30]}
{"time":2735313,"series":["td_cmd",10,0]}
{"time":2736329,"series":["timestamp",11,11]}
{"time":2736332,"series":["sns_lat",11,787370797019]}
{"time":2736336,"series":["sns_lon",11,624380920103]}
{"time":2736340,"series":["sns_alt",11,974141993761605]}
{"time":2736343,"series":["sns_vel_lat",11,1132635]}
{"time":2736347,"series":["sns_vel_lon",11,20237989]}
{"time":2736351,"series":["sns_vel_alt",11,-6033309]}
{"time":2736354,"series":["sns_course",11,1519698]}
{"time":2736358,"series":["sns_heading_true",11,689615]}
{"time":2736362,"series":["sns_heading_mgn",11,598180]}
{"time":2736366,"series":["sns_pitch",11,9219]}
{"time":2736369,"series":["sns_roll",11,166457]}
{"time":2736372,"series":["sws_true_speed",11,22.924831]}
{"time":2736376,"series":["sws_inst_speed",11,21.894302]}
{"time":2736380,"series":["sws_abs_height",11,947.903870]}
{"time":2736384,"series":["bim_l_pos",11,0]}
{"time":2736387,"series":["bim_r_pos",11,30]}
{"time":2736391,"track":[11,45.113023,35.774391,974.14]}
{"time":2736395,"series":["velocity_lat",11,1.132635]}
{"time":2736398,"series":["velocity_lon",11,20.237989]}
{"time":2736402,"series":["velocity_alt",11,-6.033309]}
{"time":2736406,"series":["heading_true",11,0.689615]}
{"time":2736410,"series":["heading_mgn",11,0.598180]}
{"time":2736413,"series":["course",11,1.519698]}
{"time":2736417,"series":["pitch",11,0.009219]}
{"time":2736420,"series":["roll",11,0.166457]}
{"time":2736423,"series":["map",11,51.00]}
{"time":2736426,"series":["bim_left_cmd",11,0]}
{"time":2736430,"series":["bim_right_cmd",11,30]}
{"time":2736433,"series":["td_cmd",11,0]}
{"time":2737201,"series":["timestamp",12,12]}
{"time":2737204,"series":["sns_lat",12,787371390041]}
{"time":2737208,"series":["sns_lon",12,624385414916]}
{"time":2737212,"series":["sns_alt",12,966893074178419]}
{"time":2737216,"series":["sns_vel_lat",12,5370529]}
{"time":2737219,"series":["sns_vel_lon",12,20193521]}
{"time":2737223,"series":["sns_vel_alt",12,-6331226]}
{"time":2737227,"series":["sns_course",12,1314877]}
{"time":2737230,"series":["sns_heading_true",12,746276]}
{"time":2737234,"series":["sns_heading_mgn",12,654840]}
{"time":2737238,"series":["sns_pitch",12,-17837]}
{"time":2737241,"series":["sns_roll",12,243093]}
{"time":2737245,"series":["sws_true_speed",12,22.840084]}
{"time":2737249,"series":["sws_inst_speed",12,21.819901]}
{"time":2737253,"series":["sws_abs_height",12,941.794495]}
{"time":2737257,"series":["bim_l_pos",12,0]}
{"time":2737260,"series":["bim_r_pos",12,30]}
{"time":2737263,"track":[12,45.113057,35.774649,966.89]}
{"time":2737267,"series":["velocity_lat",12,5.370529]}
{"time":2737271,"series":["velocity_lon",12,20.193521]}
{"time":2737274,"series":["velocity_alt",12,-6.331226]}
{"time":2737278,"series":["heading_true",12,0.746276]}
{"time":2737282,"series":["heading_mgn",12,0.654840]}
{"time":2737286,"series":["course",12,1.314877]}
{"time":2737289,"series":["pitch",12,-0.017837]}
{"time":2737292,"series":["roll",12,0.243093]}
{"time":2737296,"series":["map",12,51.00]}
{"time":2737299,"series":["bim_left_cmd",12,0]}
{"time":2737302,"series":["bim_right_cmd",12,30]}
{"time":2737306,"series":["td_cmd",12,0]}
{"time":2738233,"series":["timestamp",13,13]}
{"time":2738236,"series":["sns_lat",13,787372574469]}
{"time":2738240,"series":["sns_lon",13,624389760134]}
{"time":2738244,"series":["sns_alt",13,959555498858655]}
{"time":2738248,"series":["sns_vel_lat",13,9201390]}
{"time":2738251,"series":["sns_vel_lon",13,18976478]}
{"time":2738255,"series":["sns_vel_alt",13,-6473297]}
{"time":2738259,"series":["sns_course",13,1124407]}
{"time":2738262,"series":["sns_heading_true",13,624940]}
{"time":2738266,"series":["sns_heading_mgn",13,533503]}
{"time":2738270,"series":["sns_pitch",13,15690]}
{"time":2738273,"series":["sns_roll",13,241116]}
{"time":2738277,"series":["sws_true_speed",13,21.296541]}
{"time":2738281,"series":["sws_inst_speed",13,20.354782]}
{"time":2738285,"series":["sws_abs_height",13,932.294495]}
{"time":2738289,"series":["bim_l_pos",13,0]}
{"time":2738292,"series":["bim_r_pos",13,30]}
{"time":2738295,"track":[13,45.113125,35.774897,959.56]}
{"time":2738299,"series":["velocity_lat",13,9.201390]}
{"time":2738303,"series":["velocity_lon",13,18.976478]}
{"time":2738306,"series":["velocity_alt",13,-6.473297]}
{"time":2738310,"series":["heading_true",13,0.624940]}
{"time":2738314,"series":["heading_mgn",13,0.533503]}
{"time":2738318,"series":["course",13,1.124407]}
{"time":2738321,"series":["pitch",13,0.015690]}
{"time":2738324,"series":["roll",13,0.241116]}
{"time":2738328,"series":["map",13,51.00]}
{"time":2738331,"series":["bim_left_cmd",13,0]}
{"time":2738334,"series":["bim_right_cmd",13,30]}
{"time":2738337,"series":["td_cmd",13,0]}
{"time":2739193,"series":["timestamp",14,14]}
{"time":2739196,"series":["sns_lat",14,787374356766]}
{"time":2739200,"series":["sns_lon",14,624393652925]}
{"time":2739204,"series":["sns_alt",14,952427553543233]}
{"time":2739208,"series":["sns_vel_lat",14,12711360]}
{"time":2739211,"series":["sns_vel_lon",14,16441966]}
{"time":2739215,"series":["sns_vel_alt",14,-6504355]}
{"time":2739219,"series":["sns_course",14,916949]}
{"time":2739222,"series":["sns_heading_true",14,660953]}
{"time":2739226,"series":["sns_heading_mgn",14,569515]}
{"time":2739230,"series":["sns_pitch",14,-18104]}
{"time":2739233,"series":["sns_roll",14,242725]}
{"time":2739237,"series":["sws_true_speed",14,20.743458]}
{"time":2739241,"series":["sws_inst_speed",14,19.832090]}
{"time":2739245,"series":["sws_abs_height",14,926.191772]}
{"time":2739249,"series":["bim_l_pos",14,0]}
{"time":2739252,"series":["bim_r_pos",14,30]}
{"time":2739255,"track":[14,45.113227,35.775121,952.43]}
{"time":2739259,"series":["velocity_lat",14,12.711360]}
{"time":2739263,"series":["velocity_lon",14,16.441966]}
{"time":2739267,"series":["velocity_alt",14,-6.504355]}
{"time":2739270,"series":["heading_true",14,0.660953]}
{"time":2739274,"series":["heading_mgn",14,0.569515]}
{"time":2739278,"series":["course",14,0.916949]}
{"time":2739281,"series":["pitch",14,-0.018104]}
{"time":2739285,"series":["roll",14,0.242725]}
{"time":2739288,"series":["map",14,50.00]}
{"time":2739291,"series":["bim_left_cmd",14,0]}
{"time":2739294,"series":["bim_right_cmd",14,30]}
{"time":2739298,"series":["td_cmd",14,0]}
{"time":2740305,"series":["timestamp",15,15]}
{"time":2740308,"series":["sns_lat",15,787376442170]}
{"time":2740312,"series":["sns_lon",15,624396573649]}
{"time":2740316,"series":["sns_alt",15,946004587158552]}
{"time":2740320,"series":["sns_vel_lat",15,15746765]}
{"time":2740323,"series":["sns_vel_lon",15,13076719]}
{"time":2740327,"series":["sns_vel_alt",15,-6497028]}
{"time":2740331,"series":["sns_course",15,698599]}
{"time":2740334,"series":["sns_heading_true",15,492438]}
{"time":2740338,"series":["sns_heading_mgn",15,400999]}
{"time":2740342,"series":["sns_pitch",15,7821]}
{"time":2740345,"series":["sns_roll",15,152235]}
{"time":2740349,"series":["sws_true_speed",15,22.330341]}
{"time":2740353,"series":["sws_inst_speed",15,21.354647]}
{"time":2740357,"series":["sws_abs_height",15,921.040649]}
{"time":2740361,"series":["bim_l_pos",15,0]}
{"time":2740364,"series":["bim_r_pos",15,30]}
{"time":2740367,"track":[15,45.113346,35.775288,946.00]}
{"time":2740371,"series":["velocity_lat",15,15.746765]}
{"time":2740375,"series":["velocity_lon",15,13.076719]}
{"time":2740379,"series":["velocity_alt",15,-6.497028]}
{"time":2740383,"series":["heading_true",15,0.492438]}
{"time":2740386,"series":["heading_mgn",15,0.400999]}
{"time":2740390,"series":["course",15,0.698599]}
{"time":2740394,"series":["pitch",15,0.007821]}
{"time":2740397,"series":["roll",15,0.152235]}
{"time":2740400,"series":["map",15,50.00]}
{"time":2740403,"series":["bim_left_cmd",15,0]}
{"time":2740406,"series":["bim_right_cmd",15,30]}
{"time":2740410,"series":["td_cmd",15,0]}
{"time":2741185,"series":["timestamp",16,16]}
{"time":2741189,"series":["sns_lat",16,787379209956]}
{"time":2741192,"series":["sns_lon",16,624398927755]}
{"time":2741196,"series":["sns_alt",16,938940967692305]}
{"time":2741200,"series":["sns_vel_lat",16,18596264]}
{"time":2741203,"series":["sns_vel_lon",16,8705827]}
{"time":2741207,"series":["sns_vel_alt",16,-6523279]}
{"time":2741211,"series":["sns_course",16,443890]}
{"time":2741214,"series":["sns_heading_true",16,419264]}
{"time":2741218,"series":["sns_heading_mgn",16,327823]}
{"time":2741222,"series":["sns_pitch",16,-83770]}
{"time":2741225,"series":["sns_roll",16,86979]}
{"time":2741229,"series":["sws_true_speed",16,22.867815]}
{"time":2741233,"series":["sws_inst_speed",16,21.874012]}
{"time":2741237,"series":["sws_abs_height",16,916.027161]}
{"time":2741241,"series":["bim_l_pos",16,0]}
{"time":2741244,"series":["bim_r_pos",16,30]}
{"time":2741247,"track":[16,45.113505,35.775423,938.94]}
{"time":2741251,"series":["velocity_lat",16,18.596264]}
{"time":2741255,"series":["velocity_lon",16,8.705827]}
{"time":2741259,"series":["velocity_alt",16,-6.523279]}
{"time":2741262,"series":["heading_true",16,0.419264]}
{"time":2741266,"series":["heading_mgn",16,0.327823]}
{"time":2741270,"series":["course",16,0.443890]}
{"time":2741273,"series":["pitch",16,-0.083770]}
{"time":2741277,"series":["roll",16,0.086979]}
{"time":2741280,"series":["map",16,51.00]}
{"time":2741283,"series":["bim_left_cmd",16,0]}
{"time":2741286,"series":["bim_right_cmd",16,30]}
{"time":2741289,"series":["td_cmd",16,0]}
{"time":2742177,"series":["timestamp",17,17]}
{"time":2742181,"series":["sns_lat",17,787382316217]}
{"time":2742184,"series":["sns_lon",17,624400267355]}
{"time":2742188,"series":["sns_alt",17,931653146691115]}
{"time":2742192,"series":["sns_vel_lat",17,20416384]}
{"time":2742196,"series":["sns_vel_lon",17,4159095]}
{"time":2742199,"series":["sns_vel_alt",17,-6671077]}
{"time":2742203,"series":["sns_course",17,206322]}
{"time":2742206,"series":["sns_heading_true",17,411867]}
{"time":2742210,"series":["sns_heading_mgn",17,320425]}
{"time":2742214,"series":["sns_pitch",17,-35973]}
{"time":2742218,"series":["sns_roll",17,167094]}
{"time":2742221,"series":["sws_true_speed",17,23.199482]}
{"time":2742225,"series":["sws_inst_speed",17,22.198925]}
{"time":2742229,"series":["sws_abs_height",17,908.984558]}
{"time":2742233,"series":["bim_l_pos",17,0]}
{"time":2742236,"series":["bim_r_pos",17,30]}
{"time":2742239,"track":[17,45.113683,35.775500,931.65]}
{"time":2742243,"series":["velocity_lat",17,20.416384]}
{"time":2742247,"series":["velocity_lon",17,4.159095]}
{"time":2742251,"series":["velocity_alt",17,-6.671077]}
{"time":2742255,"series":["heading_true",17,0.411867]}
{"time":2742258,"series":["heading_mgn",17,0.320425]}
{"time":2742262,"series":["course",17,0.206322]}
{"time":2742265,"series":["pitch",17,-0.035973]}
{"time":2742269,"series":["roll",17,0.167094]}
{"time":2742272,"series":["map",17,51.00]}
{"time":2742275,"series":["bim_left_cmd",17,0]}
{"time":2742278,"series":["bim_right_cmd",17,30]}
{"time":2742282,"series":["td_cmd",17,0]}
{"time":2743210,"series":["timestamp",18,18]}
{"time":2743213,"series":["sns_lat",18,787385957875]}
{"time":2743216,"series":["sns_lon",18,624400506065]}
{"time":2743220,"series":["sns_alt",18,923361489510252]}
{"time":2743224,"series":["sns_vel_lat",18,21325496]}
{"time":2743228,"series":["sns_vel_lon",18,-1173799]}
{"time":2743232,"series":["sns_vel_alt",18,-6844681]}
{"time":2743235,"series":["sns_course",18,6233588]}
{"time":2743239,"series":["sns_heading_true",18,464342]}
{"time":2743243,"series":["sns_heading_mgn",18,372899]}
{"time":2743247,"series":["sns_pitch",18,-33308]}
{"time":2743250,"series":["sns_roll",18,244890]}
{"time":2743253,"series":["sws_true_speed",18,23.372593]}
{"time":2743257,"series":["sws_inst_speed",18,22.373177]}
{"time":2743261,"series":["sws_abs_height",18,901.133057]}
{"time":2743265,"series":["bim_l_pos",18,0]}
{"time":2743269,"series":["bim_r_pos",18,30]}
{"time":2743272,"track":[18,45.113892,35.775513,923.36]}
{"time":2743276,"series":["velocity_lat",18,21.325496]}
{"time":2743279,"series":["velocity_lon",18,-1.173799]}
{"time":2743283,"series":["velocity_alt",18,-6.844681]}
{"time":2743287,"series":["heading_true",18,0.464342]}
{"time":2743291,"series":["heading_mgn",18,0.372899]}
{"time":2743295,"series":["course",18,6.233588]}
{"time":2743298,"series":["pitch",18,-0.033308]}
{"time":2743301,"series":["roll",18,0.244890]}
{"time":2743305,"series":["map",18,51.00]}
{"time":2743308,"series":["bim_left_cmd",18,40]}
{"time":2743311,"series":["bim_right_cmd",18,0]}
{"time":2743314,"series":["td_cmd",18,0]}
{"time":2744330,"series":["timestamp",19,19]}
{"time":2744333,"series":["sns_lat",19,787389305324]}
{"time":2744336,"series":["sns_lon",19,624399597596]}
{"time":2744340,"series":["sns_alt",19,916207729126042]}
{"time":2744344,"series":["sns_vel_lat",19,20971234]}
{"time":2744348,"series":["sns_vel_lon",19,-5657637]}
{"time":2744351,"series":["sns_vel_alt",19,-6869730]}
{"time":2744355,"series":["sns_course",19,6023860]}
{"time":2744359,"series":["sns_heading_true",19,348198]}
{"time":2744363,"series":["sns_heading_mgn",19,256754]}
{"time":2744366,"series":["sns_pitch",19,7731]}
{"time":2744370,"series":["sns_roll",19,188972]}
{"time":2744373,"series":["sws_true_speed",19,22.251305]}
{"time":2744377,"series":["sws_inst_speed",19,21.309999]}
{"time":2744381,"series":["sws_abs_height",19,891.394409]}
{"time":2744385,"series":["bim_l_pos",19,0]}
{"time":2744388,"series":["bim_r_pos",19,14]}
{"time":2744391,"track":[19,45.114083,35.775461,916.21]}
{"time":2744395,"series":["velocity_lat",19,20.971234]}
{"time":2744399,"series":["velocity_lon",19,-5.657637]}
{"time":2744403,"series":["velocity_alt",19,-6.869730]}
{"time":2744407,"series":["heading_true",19,0.348198]}
{"time":2744411,"series":["heading_mgn",19,0.256754]}
{"time":2744414,"series":["course",19,6.023860]}
{"time":2744418,"series":["pitch",19,0.007731]}
{"time":2744421,"series":["roll",19,0.188972]}
{"time":2744424,"series":["map",19,51.00]}
{"time":2744427,"series":["bim_left_cmd",19,40]}
{"time":2744430,"series":["bim_right_cmd",19,0]}
{"time":2744434,"series":["td_cmd",19,0]}
{"time":2745203,"series":["timestamp",20,20]}
{"time":2745206,"series":["sns_lat",20,787392499299]}
{"time":2745210,"series":["sns_lon",20,624397847715]}
{"time":2745213,"series":["sns_alt",20,909476628896084]}
{"time":2745217,"series":["sns_vel_lat",20,19952982]}
{"time":2745221,"series":["sns_vel_lon",20,-9002677]}
{"time":2745225,"series":["sns_vel_alt",20,-6794640]}
{"time":2745228,"series":["sns_course",20,5862604]}
{"time":2745232,"series":["sns_heading_true",20,6254214]}
{"time":2745236,"series":["sns_heading_mgn",20,6162769]}
{"time":2745240,"series":["sns_pitch",20,-9238]}
{"time":2745243,"series":["sns_roll",20,-19353]}
{"time":2745246,"series":["sws_true_speed",20,22.145119]}
{"time":2745250,"series":["sws_inst_speed",20,21.215607]}
{"time":2745254,"series":["sws_abs_height",20,884.366638]}
{"time":2745258,"series":["bim_l_pos",20,0]}
{"time":2745262,"series":["bim_r_pos",20,2]}
{"time":2745265,"track":[20,45.114266,35.775361,909.48]}
{"time":2745269,"series":["velocity_lat",20,19.952982]}
{"time":2745272,"series":["velocity_lon",20,-9.002677]}
{"time":2745276,"series":["velocity_alt",20,-6.794640]}
{"time":2745280,"series":["heading_true",20,6.254214]}
{"time":2745284,"series":["heading_mgn",20,6.162769]}
{"time":2745288,"series":["course",20,5.862604]}
{"time":2745291,"series":["pitch",20,-0.009238]}
{"time":2745295,"series":["roll",20,-0.019353]}
{"time":2745298,"series":["map",20,50.00]}
{"time":2745301,"series":["bim_left_cmd",20,40]}
{"time":2745304,"series":["bim_right_cmd",20,0]}
{"time":2745308,"series":["td_cmd",20,0]}
{"time":2746236,"series":["timestamp",21,21]}
{"time":2746239,"series":["sns_lat",21,787395517032]}
{"time":2746243,"series":["sns_lon",21,624395553001]}
{"time":2746246,"series":["sns_alt",21,902942722021952]}
{"time":2746250,"series":["sns_vel_lat",21,18902579]}
{"time":2746254,"series":["sns_vel_lon",21,-11180718]}
{"time":2746258,"series":["sns_vel_alt",21,-6702442]}
{"time":2746261,"series":["sns_course",21,5751052]}
{"time":2746265,"series":["sns_heading_true",21,5682865]}
{"time":2746269,"series":["sns_heading_mgn",21,5591420]}
{"time":2746273,"series":["sns_pitch",21,1659]}
{"time":2746276,"series":["sns_roll",21,-125977]}
{"time":2746280,"series":["sws_true_speed",21,23.637188]}
{"time":2746283,"series":["sws_inst_speed",21,22.648346]}
{"time":2746287,"series":["sws_abs_height",21,881.394104]}
{"time":2746292,"series":["bim_l_pos",21,0]}
{"time":2746295,"series":["bim_r_pos",21,0]}
{"time":2746298,"track":[21,45.114439,35.775229,902.94]}
{"time":2746302,"series":["velocity_lat",21,18.902579]}
{"time":2746305,"series":["velocity_lon",21,-11.180718]}
{"time":2746309,"series":["velocity_alt",21,-6.702442]}
{"time":2746313,"series":["heading_true",21,5.682865]}
{"time":2746317,"series":["heading_mgn",21,5.591420]}
{"time":2746321,"series":["course",21,5.751052]}
{"time":2746324,"series":["pitch",21,0.001659]}
{"time":2746327,"series":["roll",21,-0.125977]}
{"time":2746331,"series":["map",21,50.00]}
{"time":2746334,"series":["bim_left_cmd",21,40]}
{"time":2746337,"series":["bim_right_cmd",21,0]}
{"time":2746340,"series":["td_cmd",21,0]}
{"time":2747196,"series":["timestamp",22,22]}
{"time":2747199,"series":["sns_lat",22,787398421197]}
{"time":2747203,"series":["sns_lon",22,624392881035]}
{"time":2747206,"series":["sns_alt",22,896821517341507]}
{"time":2747210,"series":["sns_vel_lat",22,18322815]}
{"time":2747214,"series":["sns_vel_lon",22,-12194431]}
{"time":2747218,"series":["sns_vel_alt",22,-6544496]}
{"time":2747221,"series":["sns_course",22,5696350]}
{"time":2747225,"series":["sns_heading_true",22,5725594]}
{"time":2747229,"series":["sns_heading_mgn",22,5634148]}
{"time":2747233,"series":["sns_pitch",22,-47073]}
{"time":2747236,"series":["sns_roll",22,-31799]}
{"time":2747240,"series":["sws_true_speed",22,24.219330]}
{"time":2747244,"series":["sws_inst_speed",22,23.211201]}
{"time":2747248,"series":["sws_abs_height",22,876.936646]}
{"time":2747252,"series":["bim_l_pos",22,0]}
{"time":2747255,"series":["bim_r_pos",22,0]}
{"time":2747258,"track":[22,45.114606,35.775076,896.82]}
{"time":2747262,"series":["velocity_lat",22,18.322815]}
{"time":2747266,"series":["velocity_lon",22,-12.194431]}
{"time":2747270,"series":["velocity_alt",22,-6.544496]}
{"time":2747273,"series":["heading_true",22,5.725594]}
{"time":2747277,"series":["heading_mgn",22,5.634148]}
{"time":2747281,"series":["course",22,5.696350]}
{"time":2747284,"series":["pitch",22,-0.047073]}
{"time":2747288,"series":["roll",22,-0.031799]}
{"time":2747291,"series":["map",22,50.00]}
{"time":2747294,"series":["bim_left_cmd",22,40]}
{"time":2747297,"series":["bim_right_cmd",22,0]}
{"time":2747301,"series":["td_cmd",22,0]}
{"time":2748308,"series":["timestamp",23,23]}
{"time":2748311,"series":["sns_lat",23,787401254008]}
{"time":2748315,"series":["sns_lon",23,624390155242]}
{"time":2748319,"series":["sns_alt",23,890979334034608]}
{"time":2748322,"series":["sns_vel_lat",23,18125582]}
{"time":2748326,"series":["sns_vel_lon",23,-11889693]}
{"time":2748330,"series":["sns_vel_alt",23,-6392789]}
{"time":2748334,"series":["sns_course",23,5701980]}
{"time":2748337,"series":["sns_heading_true",23,5708878]}
{"time":2748341,"series":["sns_heading_mgn",23,5617432]}
{"time":2748345,"series":["sns_pitch",23,-117659]}
{"time":2748348,"series":["sns_roll",23,-60638]}
{"time":2748352,"series":["sws_true_speed",23,23.656918]}
{"time":2748356,"series":["sws_inst_speed",23,22.679844]}
{"time":2748360,"series":["sws_abs_height",23,870.050964]}
{"time":2748364,"series":["bim_l_pos",23,15]}
{"time":2748367,"series":["bim_r_pos",23,0]}
{"time":2748370,"track":[23,45.114768,35.774920,890.98]}
{"time":2748374,"series":["velocity_lat",23,18.125582]}
{"time":2748378,"series":["velocity_lon",23,-11.889693]}
{"time":2748382,"series":["velocity_alt",23,-6.392789]}
{"time":2748386,"series":["heading_true",23,5.708878]}
{"time":2748390,"series":["heading_mgn",23,5.617432]}
{"time":2748393,"series":["course",23,5.701980]}
{"time":2748397,"series":["pitch",23,-0.117659]}
{"time":2748400,"series":["roll",23,-0.060638]}
{"time":2748403,"series":["map",23,50.00]}
{"time":2748406,"series":["bim_left_cmd",23,40]}
{"time":2748410,"series":["bim_right_cmd",23,0]}
{"time":2748413,"series":["td_cmd",23,0]}
{"time":2749188,"series":["timestamp",24,24]}
{"time":2749191,"series":["sns_lat",24,787403874414]}
{"time":2749195,"series":["sns_lon",24,624387892918]}
{"time":2749199,"series":["sns_alt",24,885841951773618]}
{"time":2749202,"series":["sns_vel_lat",24,18393873]}
{"time":2749206,"series":["sns_vel_lon",24,-10503948]}
{"time":2749210,"series":["sns_vel_alt",24,-6323264]}
{"time":2749214,"series":["sns_course",24,5762648]}
{"time":2749217,"series":["sns_heading_true",24,5568594]}
{"time":2749221,"series":["sns_heading_mgn",24,5477147]}
{"time":2749225,"series":["sns_pitch",24,-89848]}
{"time":2749228,"series":["sns_roll",24,-192348]}
{"time":2749232,"series":["sws_true_speed",24,22.803129]}
{"time":2749236,"series":["sws_inst_speed",24,21.866085]}
{"time":2749240,"series":["sws_abs_height",24,865.597534]}
{"time":2749244,"series":["bim_l_pos",24,28]}
{"time":2749247,"series":["bim_r_pos",24,0]}
{"time":2749250,"track":[24,45.114918,35.774791,885.84]}
{"time":2749254,"series":["velocity_lat",24,18.393873]}
{"time":2749258,"series":["velocity_lon",24,-10.503948]}
{"time":2749262,"series":["velocity_alt",24,-6.323264]}
{"time":2749266,"series":["heading_true",24,5.568594]}
{"time":2749269,"series":["heading_mgn",24,5.477147]}
{"time":2749273,"series":["course",24,5.762648]}
{"time":2749277,"series":["pitch",24,-0.089848]}
{"time":2749280,"series":["roll",24,-0.192348]}
{"time":2749283,"series":["map",24,50.00]}
{"time":2749286,"series":["bim_left_cmd",24,40]}
{"time":2749289,"series":["bim_right_cmd",24,0]}
{"time":2749293,"series":["td_cmd",24,0]}
{"time":2750180,"series":["timestamp",25,25]}
{"time":2750183,"series":["sns_lat",25,787406809571]}
{"time":2750187,"series":["sns_lon",25,624385890778]}
{"time":2750191,"series":["sns_alt",25,880366131524881]}
{"time":2750195,"series":["sns_vel_lat",25,18909337]}
{"time":2750198,"series":["sns_vel_lon",25,-7843963]}
{"time":2750202,"series":["sns_vel_alt",25,-6233861]}
{"time":2750206,"series":["sns_course",25,5886657]}
{"time":2750209,"series":["sns_heading_true",25,5554864]}
{"time":2750213,"series":["sns_heading_mgn",25,5463416]}
{"time":2750217,"series":["sns_pitch",25,-22414]}
{"time":2750221,"series":["sns_roll",25,-278777]}
{"time":2750224,"series":["sws_true_speed",25,21.218714]}
{"time":2750228,"series":["sws_inst_speed",25,20.352692]}
{"time":2750232,"series":["sws_abs_height",25,859.662048]}
{"time":2750236,"series":["bim_l_pos",25,40]}
{"time":2750239,"series":["bim_r_pos",25,0]}
{"time":2750242,"track":[25,45.115086,35.774676,880.37]}
{"time":2750246,"series":["velocity_lat",25,18.909337]}
{"time":2750250,"series":["velocity_lon",25,-7.843963]}
{"time":2750254,"series":["velocity_alt",25,-6.233861]}
{"time":2750258,"series":["heading_true",25,5.554864]}
{"time":2750261,"series":["heading_mgn",25,5.463416]}
{"time":2750265,"series":["course",25,5.886657]}
{"time":2750269,"series":["pitch",25,-0.022414]}
{"time":2750272,"series":["roll",25,-0.278777]}
{"time":2750275,"series":["map",25,51.00]}
{"time":2750278,"series":["bim_left_cmd",25,40]}
{"time":2750282,"series":["bim_right_cmd",25,0]}
{"time":2750285,"series":["td_cmd",25,0]}
{"time":2751213,"series":["timestamp",26,26]}
{"time":2751216,"series":["sns_lat",26,787409775157]}
{"time":2751220,"series":["sns_lon",26,624384666454]}
{"time":2751224,"series":["sns_alt",26,875043635924848]}
{"time":2751228,"series":["sns_vel_lat",26,19131083]}
{"time":2751231,"series":["sns_vel_lon",26,-3881391]}
{"time":2751235,"series":["sns_vel_alt",26,-6150854]}
{"time":2751239,"series":["sns_course",26,6076153]}
{"time":2751242,"series":["sns_heading_true",26,5433274]}
{"time":2751246,"series":["sns_heading_mgn",26,5341826]}
{"time":2751250,"series":["sns_pitch",26,-15282]}
{"time":2751254,"series":["sns_roll",26,-271983]}
{"time":2751257,"series":["sws_true_speed",26,20.369001]}
{"time":2751261,"series":["sws_inst_speed",26,19.541658]}
{"time":2751265,"series":["sws_abs_height",26,855.481934]}
{"time":2751269,"series":["bim_l_pos",26,40]}
{"time":2751272,"series":["bim_r_pos",26,0]}
{"time":2751275,"track":[26,45.115256,35.774606,875.04]}
{"time":2751279,"series":["velocity_lat",26,19.131083]}
{"time":2751283,"series":["velocity_lon",26,-3.881391]}
{"time":2751287,"series":["velocity_alt",26,-6.150854]}
{"time":2751291,"series":["heading_true",26,5.433274]}
{"time":2751295,"series":["heading_mgn",26,5.341826]}
{"time":2751298,"series":["course",26,6.076153]}
{"time":2751302,"series":["pitch",26,-0.015282]}
{"time":2751305,"series":["roll",26,-0.271983]}
{"time":2751308,"series":["map",26,52.00]}
{"time":2751311,"series":["bim_left_cmd",26,40]}
{"time":2751315,"series":["bim_right_cmd",26,0]}
{"time":2751318,"series":["td_cmd",26,0]}
{"time":2752293,"series":["timestamp",27,27]}
{"time":2752297,"series":["sns_lat",27,787412764440]}
{"time":2752300,"series":["sns_lon",27,624384335027]}
{"time":2752304,"series":["sns_alt",27,869696740154682]}
{"time":2752308,"series":["sns_vel_lat",27,18946208]}
{"time":2752312,"series":["sns_vel_lon",27,306017]}
{"time":2752315,"series":["sns_vel_alt",27,-6086024]}
{"time":2752319,"series":["sns_course",27,9794]}
{"time":2752322,"series":["sns_heading_true",27,5530589]}
{"time":2752326,"series":["sns_heading_mgn",27,5439140]}
{"time":2752330,"series":["sns_pitch",27,-12483]}
{"time":2752333,"series":["sns_roll",27,-250099]}
{"time":2752337,"series":["sws_true_speed",27,20.536343]}
{"time":2752341,"series":["sws_inst_speed",27,19.708054]}
{"time":2752345,"series":["sws_abs_height",27,849.415527]}
{"time":2752349,"series":["bim_l_pos",27,40]}
{"time":2752352,"series":["bim_r_pos",27,0]}
{"time":2752355,"track":[27,45.115427,35.774587,869.70]}
{"time":2752359,"series":["velocity_lat",27,18.946208]}
{"time":2752363,"series":["velocity_lon",27,0.306017]}
{"time":2752367,"series":["velocity_alt",27,-6.086024]}
{"time":2752370,"series":["heading_true",27,5.530589]}
{"time":2752374,"series":["heading_mgn",27,5.439140]}
{"time":2752378,"series":["course",27,0.009794]}
{"time":2752381,"series":["pitch",27,-0.012483]}
{"time":2752385,"series":["roll",27,-0.250099]}
{"time":2752388,"series":["map",27,52.00]}
{"time":2752391,"series":["bim_left_cmd",27,40]}
{"time":2752394,"series":["bim_right_cmd",27,0]}
{"time":2752398,"series":["td_cmd",27,0]}
{"time":2753205,"series":["timestamp",28,28]}
{"time":2753209,"series":["sns_lat",28,787415927801]}
{"time":2753212,"series":["sns_lon",28,624385087288]}
{"time":2753216,"series":["sns_alt",28,863325494496954]}
{"time":2753220,"series":["sns_vel_lat",28,17709670]}
{"time":2753224,"series":["sns_vel_lon",28,5125479]}
{"time":2753227,"series":["sns_vel_alt",28,-6074482]}
{"time":2753231,"series":["sns_course",28,273407]}
{"time":2753234,"series":["sns_heading_true",28,5481351]}
{"time":2753238,"series":["sns_heading_mgn",28,5389901]}
{"time":2753242,"series":["sns_pitch",28,-72961]}
{"time":2753246,"series":["sns_roll",28,-290075]}
{"time":2753249,"series":["sws_true_speed",28,20.715357]}
{"time":2753253,"series":["sws_inst_speed",28,19.886007]}
{"time":2753257,"series":["sws_abs_height",28,843.083679]}
{"time":2753261,"series":["bim_l_pos",28,40]}
{"time":2753264,"series":["bim_r_pos",28,0]}
{"time":2753267,"track":[28,45.115609,35.774630,863.33]}
{"time":2753271,"series":["velocity_lat",28,17.709670]}
{"time":2753275,"series":["velocity_lon",28,5.125479]}
{"time":2753279,"series":["velocity_alt",28,-6.074482]}
{"time":2753283,"series":["heading_true",28,5.481351]}
{"time":2753287,"series":["heading_mgn",28,5.389901]}
{"time":2753290,"series":["course",28,0.273407]}
{"time":2753294,"series":["pitch",28,-0.072961]}
{"time":2753297,"series":["roll",28,-0.290075]}
{"time":2753300,"series":["map",28,52.00]}
{"time":2753303,"series":["bim_left_cmd",28,0]}
{"time":2753307,"series":["bim_right_cmd",28,30]}
{"time":2753310,"series":["td_cmd",28,0]}
{"time":2754206,"series":["timestamp",29,29]}
{"time":2754209,"series":["sns_lat",29,787418570546]}
{"time":2754212,"series":["sns_lon",29,624386768812]}
{"time":2754216,"series":["sns_alt",29,856945203064116]}
{"time":2754220,"series":["sns_vel_lat",29,16303226]}
{"time":2754224,"series":["sns_vel_lon",29,9220080]}
{"time":2754227,"series":["sns_vel_alt",29,-6124379]}
{"time":2754231,"series":["sns_course",29,506713]}
{"time":2754235,"series":["sns_heading_true",29,5649073]}
{"time":2754238,"series":["sns_heading_mgn",29,5557622]}
{"time":2754242,"series":["sns_pitch",29,-45893]}
{"time":2754246,"series":["sns_roll",29,-298171]}
{"time":2754249,"series":["sws_true_speed",29,21.758825]}
{"time":2754253,"series":["sws_inst_speed",29,20.895130]}
{"time":2754257,"series":["sws_abs_height",29,835.813599]}
{"time":2754261,"series":["bim_l_pos",29,26]}
{"time":2754264,"series":["bim_r_pos",29,0]}
{"time":2754267,"track":[29,45.115760,35.774726,856.95]}
{"time":2754271,"series":["velocity_lat",29,16.303226]}
{"time":2754275,"series":["velocity_lon",29,9.220080]}
{"time":2754279,"series":["velocity_alt",29,-6.124379]}
{"time":2754283,"series":["heading_true",29,5.649073]}
{"time":2754287,"series":["heading_mgn",29,5.557622]}
{"time":2754290,"series":["course",29,0.506713]}
{"time":2754294,"series":["pitch",29,-0.045893]}
{"time":2754297,"series":["roll",29,-0.298171]}
{"time":2754300,"series":["map",29,51.00]}
{"time":2754303,"series":["bim_left_cmd",29,0]}
{"time":2754307,"series":["bim_right_cmd",29,0]}
{"time":2754310,"series":["td_cmd",29,0]}
{"time":2755197,"series":["timestamp",30,30]}
{"time":2755200,"series":["sns_lat",30,787420927582]}
{"time":2755204,"series":["sns_lon",30,624389388917]}
{"time":2755207,"series":["sns_alt",30,849906214529693]}
{"time":2755211,"series":["sns_vel_lat",30,14272950]}
{"time":2755215,"series":["sns_vel_lon",30,13160282]}
{"time":2755219,"series":["sns_vel_alt",30,-6228387]}
{"time":2755222,"series":["sns_course",30,739373]}
{"time":2755226,"series":["sns_heading_true",30,5875041]}
{"time":2755230,"series":["sns_heading_mgn",30,5783589]}
{"time":2755234,"series":["sns_pitch",30,-53075]}
{"time":2755237,"series":["sns_roll",30,-64165]}
{"time":2755240,"series":["sws_true_speed",30,23.727312]}
{"time":2755244,"series":["sws_inst_speed",30,22.791332]}
{"time":2755248,"series":["sws_abs_height",30,830.564941]}
{"time":2755252,"series":["bim_l_pos",30,11]}
{"time":2755255,"series":["bim_r_pos",30,0]}
{"time":2755259,"track":[30,45.115895,35.774876,849.91]}
{"time":2755263,"series":["velocity_lat",30,14.272950]}
{"time":2755266,"series":["velocity_lon",30,13.160282]}
{"time":2755270,"series":["velocity_alt",30,-6.228387]}
{"time":2755274,"series":["heading_true",30,5.875041]}
{"time":2755278,"series":["heading_mgn",30,5.783589]}
{"time":2755282,"series":["course",30,0.739373]}
{"time":2755285,"series":["pitch",30,-0.053075]}
{"time":2755288,"series":["roll",30,-0.064165]}
{"time":2755292,"series":["map",30,51.00]}
{"time":2755295,"series":["bim_left_cmd",30,0]}
{"time":2755298,"series":["bim_right_cmd",30,0]}
{"time":2755301,"series":["td_cmd",30,0]}
{"time":2756308,"series":["timestamp",31,31]}
{"time":2756311,"series":["sns_lat",31,787422975388]}
{"time":2756315,"series":["sns_lon",31,624392767277]}
{"time":2756318,"series":["sns_alt",31,842516685149356]}
{"time":2756322,"series":["sns_vel_lat",31,12382094]}
{"time":2756326,"series":["sns_vel_lon",31,16240683]}
{"time":2756330,"series":["sns_vel_alt",31,-6356240]}
{"time":2756334,"series":["sns_course",31,915718]}
{"time":2756337,"series":["sns_heading_true",31,57212]}
{"time":2756341,"series":["sns_heading_mgn",31,6248943]}
{"time":2756345,"series":["sns_pitch",31,-50680]}
{"time":2756348,"series":["sns_roll",31,168878]}
{"time":2756352,"series":["sws_true_speed",31,25.107677]}
{"time":2756355,"series":["sws_inst_speed",31,24.126612]}
{"time":2756359,"series":["sws_abs_height",31,822.627869]}
{"time":2756364,"series":["bim_l_pos",31,0]}
{"time":2756367,"series":["bim_r_pos",31,0]}
{"time":2756370,"track":[31,45.116013,35.775070,842.52]}
{"time":2756374,"series":["velocity_lat",31,12.382094]}
{"time":2756377,"series":["velocity_lon",31,16.240683]}
{"time":2756381,"series":["velocity_alt",31,-6.356240]}
{"time":2756385,"series":["heading_true",31,0.057212]}
{"time":2756389,"series":["heading_mgn",31,6.248943]}
{"time":2756393,"series":["course",31,0.915718]}
{"time":2756396,"series":["pitch",31,-0.050680]}
{"time":2756399,"series":["roll",31,0.168878]}
{"time":2756403,"series":["map",31,51.00]}
{"time":2756406,"series":["bim_left_cmd",31,0]}
{"time":2756409,"series":["bim_right_cmd",31,0]}
{"time":2756412,"series":["td_cmd",31,0]}
{"time":2757188,"series":["timestamp",32,32]}
{"time":2757191,"series":["sns_lat",32,787424741832]}
{"time":2757195,"series":["sns_lon",32,624396657629]}
{"time":2757198,"series":["sns_alt",32,835332334614206]}
{"time":2757202,"series":["sns_vel_lat",32,10971442]}
{"time":2757206,"series":["sns_vel_lon",32,18319897]}
{"time":2757210,"series":["sns_vel_alt",32,-6446836]}
{"time":2757213,"series":["sns_course",32,1028562]}
{"time":2757217,"series":["sns_heading_true",32,326091]}
{"time":2757221,"series":["sns_heading_mgn",32,234636]}
{"time":2757225,"series":["sns_pitch",32,-51270]}
{"time":2757228,"series":["sns_roll",32,132947]}
{"time":2757231,"series":["sws_true_speed",32,24.866327]}
{"time":2757235,"series":["sws_inst_speed",32,23.904274]}
{"time":2757239,"series":["sws_abs_height",32,814.428040]}
{"time":2757243,"series":["bim_l_pos",32,0]}
{"time":2757246,"series":["bim_r_pos",32,0]}
{"time":2757250,"track":[32,45.116114,35.775293,835.33]}
{"time":2757254,"series":["velocity_lat",32,10.971442]}
{"time":2757257,"series":["velocity_lon",32,18.319897]}
{"time":2757261,"series":["velocity_alt",32,-6.446836]}
{"time":2757265,"series":["heading_true",32,0.326091]}
{"time":2757269,"series":["heading_mgn",32,0.234636]}
{"time":2757273,"series":["course",32,1.028562]}
{"time":2757276,"series":["pitch",32,-0.051270]}
{"time":2757279,"series":["roll",32,0.132947]}
{"time":2757282,"series":["map",32,51.00]}
{"time":2757285,"series":["bim_left_cmd",32,0]}
{"time":2757289,"series":["bim_right_cmd",32,0]}
{"time":2757292,"series":["td_cmd",32,0]}
{"time":2758181,"series":["timestamp",33,33]}
{"time":2758184,"series":["sns_lat",33,787426356267]}
{"time":2758188,"series":["sns_lon",33,624400897071]}
{"time":2758191,"series":["sns_alt",33,828382611279557]}
{"time":2758195,"series":["sns_vel_lat",33,10259676]}
{"time":2758199,"series":["sns_vel_lon",33,19246231]}
{"time":2758203,"series":["sns_vel_alt",33,-6490235]}
{"time":2758206,"series":["sns_course",33,1082318]}
{"time":2758210,"series":["sns_heading_true",33,537290]}
{"time":2758214,"series":["sns_heading_mgn",33,445834]}
{"time":2758218,"series":["sns_pitch",33,-46039]}
{"time":2758221,"series":["sns_roll",33,160405]}
{"time":2758224,"series":["sws_true_speed",33,24.973921]}
{"time":2758228,"series":["sws_inst_speed",33,24.014645]}
{"time":2758232,"series":["sws_abs_height",33,808.517639]}
{"time":2758236,"series":["bim_l_pos",33,0]}
{"time":2758240,"series":["bim_r_pos",33,0]}
{"time":2758243,"track":[33,45.116206,35.775536,828.38]}
{"time":2758247,"series":["velocity_lat",33,10.259676]}
{"time":2758250,"series":["velocity_lon",33,19.246231]}
{"time":2758254,"series":["velocity_alt",33,-6.490235]}
{"time":2758258,"series":["heading_true",33,0.537290]}
{"time":2758262,"series":["heading_mgn",33,0.445834]}
{"time":2758266,"series":["course",33,1.082318]}
{"time":2758269,"series":["pitch",33,-0.046039]}
{"time":2758273,"series":["roll",33,0.160405]}
{"time":2758276,"series":["map",33,52.00]}
{"time":2758279,"series":["bim_left_cmd",33,0]}
{"time":2758282,"series":["bim_right_cmd",33,0]}
{"time":2758285,"series":["td_cmd",33,0]}
{"time":2759181,"series":["timestamp",34,34]}
{"time":2759184,"series":["sns_lat",34,787427957846]}
{"time":2759188,"series":["sns_lon",34,624405190118]}
{"time":2759192,"series":["sns_alt",34,822060980385119]}
{"time":2759195,"series":["sns_vel_lat",34,10296868]}
{"time":2759199,"series":["sns_vel_lon",34,19188934]}
{"time":2759203,"series":["sns_vel_alt",34,-6467475]}
{"time":2759207,"series":["sns_course",34,1079329]}
{"time":2759210,"series":["sns_heading_true",34,257596]}
{"time":2759214,"series":["sns_heading_mgn",34,166139]}
{"time":2759218,"series":["sns_pitch",34,-25707]}
{"time":2759221,"series":["sns_roll",34,42711]}
{"time":2759225,"series":["sws_true_speed",34,25.096144]}
{"time":2759228,"series":["sws_inst_speed",34,24.139147]}
{"time":2759232,"series":["sws_abs_height",34,802.608093]}
{"time":2759237,"series":["bim_l_pos",34,0]}
{"time":2759240,"series":["bim_r_pos",34,0]}
{"time":2759243,"track":[34,45.116298,35.775782,822.06]}
{"time":2759247,"series":["velocity_lat",34,10.296868]}
{"time":2759250,"series":["velocity_lon",34,19.188934]}
{"time":2759254,"series":["velocity_alt",34,-6.467475]}
{"time":2759258,"series":["heading_true",34,0.257596]}
{"time":2759262,"series":["heading_mgn",34,0.166139]}
{"time":2759266,"series":["course",34,1.079329]}
{"time":2759269,"series":["pitch",34,-0.025707]}
{"time":2759272,"series":["roll",34,0.042711]}
{"time":2759276,"series":["map",34,52.00]}
{"time":2759279,"series":["bim_left_cmd",34,0]}
{"time":2759282,"series":["bim_right_cmd",34,0]}
{"time":2759285,"series":["td_cmd",34,0]}
{"time":2760294,"series":["timestamp",35,35]}
{"time":2760297,"series":["sns_lat",35,787429608877]}
{"time":2760301,"series":["sns_lon",35,624409320305]}
{"time":2760305,"series":["sns_alt",35,816307130645974]}
{"time":2760309,"series":["sns_vel_lat",35,10823761]}
{"time":2760312,"series":["sns_vel_lon",35,18551152]}
{"time":2760316,"series":["sns_vel_alt",35,-6398072]}
{"time":2760320,"series":["sns_course",35,1043575]}
{"time":2760323,"series":["sns_heading_true",35,6229863]}
{"time":2760327,"series":["sns_heading_mgn",35,6138405]}
{"time":2760331,"series":["sns_pitch",35,-5909]}
{"time":2760334,"series":["sns_roll",35,-61613]}
{"time":2760338,"series":["sws_true_speed",35,26.234615]}
{"time":2760342,"series":["sws_inst_speed",35,25.241325]}
{"time":2760346,"series":["sws_abs_height",35,796.836487]}
{"time":2760350,"series":["bim_l_pos",35,0]}
{"time":2760353,"series":["bim_r_pos",35,0]}
{"time":2760356,"track":[35,45.116393,35.776018,816.31]}
{"time":2760360,"series":["velocity_lat",35,10.823761]}
{"time":2760364,"series":["velocity_lon",35,18.551152]}
{"time":2760368,"series":["velocity_alt",35,-6.398072]}
{"time":2760371,"series":["heading_true",35,6.229863]}
{"time":2760375,"series":["heading_mgn",35,6.138405]}
{"time":2760379,"series":["course",35,1.043575]}
{"time":2760382,"series":["pitch",35,-0.005909]}
{"time":2760386,"series":["roll",35,-0.061613]}
{"time":2760389,"series":["map",35,52.00]}
{"time":2760392,"series":["bim_left_cmd",35,0]}
{"time":2760395,"series":["bim_right_cmd",35,0]}
{"time":2760398,"series":["td_cmd",35,0]}
{"time":2761205,"series":["timestamp",36,36]}
{"time":2761208,"series":["sns_lat",36,787431332935]}
{"time":2761212,"series":["sns_lon",36,624413309731]}
{"time":2761216,"series":["sns_alt",36,811068360963894]}
{"time":2761220,"series":["sns_vel_lat",36,11051409]}
{"time":2761223,"series":["sns_vel_lon",36,17666749]}
{"time":2761227,"series":["sns_vel_alt",36,-6295471]}
{"time":2761231,"series":["sns_course",36,1012610]}
{"time":2761234,"series":["sns_heading_true",36,6268991]}
{"time":2761238,"series":["sns_heading_mgn",36,6177531]}
{"time":2761242,"series":["sns_pitch",36,-111709]}
{"time":2761246,"series":["sns_roll",36,11370]}
{"time":2761249,"series":["sws_true_speed",36,25.103251]}
{"time":2761253,"series":["sws_inst_speed",36,24.156120]}
{"time":2761257,"series":["sws_abs_height",36,794.019714]}
{"time":2761261,"series":["bim_l_pos",36,0]}
{"time":2761264,"series":["bim_r_pos",36,0]}
{"time":2761267,"track":[36,45.116491,35.776247,811.07]}
{"time":2761271,"series":["velocity_lat",36,11.051409]}
{"time":2761275,"series":["velocity_lon",36,17.666749]}
{"time":2761279,"series":["velocity_alt",36,-6.295471]}
{"time":2761283,"series":["heading_true",36,6.268991]}
{"time":2761287,"series":["heading_mgn",36,6.177531]}
{"time":2761290,"series":["course",36,1.012610]}
{"time":2761294,"series":["pitch",36,-0.111709]}
{"time":2761297,"series":["roll",36,0.011370]}
{"time":2761300,"series":["map",36,52.00]}
{"time":2761303,"series":["bim_left_cmd",36,0]}
{"time":2761306,"series":["bim_right_cmd",36,0]}
{"time":2761310,"series":["td_cmd",36,0]}
{"time":2762205,"series":["timestamp",37,37]}
{"time":2762208,"series":["sns_lat",37,787433051326]}
{"time":2762212,"series":["sns_lon",37,624417133130]}
{"time":2762216,"series":["sns_alt",37,805998024460579]}
{"time":2762220,"series":["sns_vel_lat",37,10548176]}
{"time":2762223,"series":["sns_vel_lon",37,17251902]}
{"time":2762227,"series":["sns_vel_alt",37,-6187258]}
{"time":2762231,"series":["sns_course",37,1020540]}
{"time":2762234,"series":["sns_heading_true",37,130876]}
{"time":2762238,"series":["sns_heading_mgn",37,39415]}
{"time":2762242,"series":["sns_pitch",37,-43983]}
{"time":2762245,"series":["sns_roll",37,62334]}
{"time":2762249,"series":["sws_true_speed",37,23.284906]}
{"time":2762253,"series":["sws_inst_speed",37,22.410789]}
{"time":2762257,"series":["sws_abs_height",37,789.994507]}
{"time":2762261,"series":["bim_l_pos",37,0]}
{"time":2762264,"series":["bim_r_pos",37,0]}
{"time":2762267,"track":[37,45.116590,35.776466,806.00]}
{"time":2762271,"series":["velocity_lat",37,10.548176]}
{"time":2762275,"series":["velocity_lon",37,17.251902]}
{"time":2762279,"series":["velocity_alt",37,-6.187258]}
{"time":2762282,"series":["heading_true",37,0.130876]}
{"time":2762286,"series":["heading_mgn",37,0.039415]}
{"time":2762290,"series":["course",37,1.020540]}
{"time":2762293,"series":["pitch",37,-0.043983]}
{"time":2762297,"series":["roll",37,0.062334]}
{"time":2762300,"series":["map",37,52.00]}
{"time":2762303,"series":["bim_left_cmd",37,0]}
{"time":2762306,"series":["bim_right_cmd",37,0]}
{"time":2762309,"series":["td_cmd",37,0]}
{"time":2763196,"series":["timestamp",38,38]}
{"time":2763200,"series":["sns_lat",38,787434489143]}
{"time":2763203,"series":["sns_lon",38,624420545107]}
{"time":2763207,"series":["sns_alt",38,801840024096637]}
{"time":2763211,"series":["sns_vel_lat",38,9864539]}
{"time":2763214,"series":["sns_vel_lon",38,17138163]}
{"time":2763218,"series":["sns_vel_alt",38,-6062941]}
{"time":2763222,"series":["sns_course",38,1047675]}
{"time":2763225,"series":["sns_heading_true",38,6147831]}
{"time":2763229,"series":["sns_heading_mgn",38,6056369]}
{"time":2763233,"series":["sns_pitch",38,-58303]}
{"time":2763237,"series":["sns_roll",38,41356]}
{"time":2763240,"series":["sws_true_speed",38,22.243715]}
{"time":2763244,"series":["sws_inst_speed",38,21.414577]}
{"time":2763248,"series":["sws_abs_height",38,784.363647]}
{"time":2763252,"series":["bim_l_pos",38,0]}
{"time":2763255,"series":["bim_r_pos",38,0]}
{"time":2763258,"track":[38,45.116672,35.776661,801.84]}
{"time":2763262,"series":["velocity_lat",38,9.864539]}
{"time":2763266,"series":["velocity_lon",38,17.138163]}
{"time":2763270,"series":["velocity_alt",38,-6.062941]}
{"time":2763273,"series":["heading_true",38,6.147831]}
{"time":2763277,"series":["heading_mgn",38,6.056369]}
{"time":2763281,"series":["course",38,1.047675]}
{"time":2763284,"series":["pitch",38,-0.058303]}
{"time":2763288,"series":["roll",38,0.041356]}
{"time":2763291,"series":["map",38,52.00]}
{"time":2763294,"series":["bim_left_cmd",38,0]}
{"time":2763297,"series":["bim_right_cmd",38,0]}
{"time":2763301,"series":["td_cmd",38,0]}
{"time":2764349,"series":["timestamp",39,39]}
{"time":2764353,"series":["sns_lat",39,787435988110]}
{"time":2764356,"series":["sns_lon",39,624424740846]}
{"time":2764360,"series":["sns_alt",39,796692538649332]}
{"time":2764364,"series":["sns_vel_lat",39,8240727]}
{"time":2764368,"series":["sns_vel_lon",39,17466060]}
{"time":2764371,"series":["sns_vel_alt",39,-5942494]}
{"time":2764375,"series":["sns_course",39,1129305]}
{"time":2764379,"series":["sns_heading_true",39,307698]}
{"time":2764383,"series":["sns_heading_mgn",39,216235]}
{"time":2764386,"series":["sns_pitch",39,48380]}
{"time":2764390,"series":["sns_roll",39,187169]}
{"time":2764393,"series":["sws_true_speed",39,22.361607]}
{"time":2764397,"series":["sws_inst_speed",39,21.531883]}
{"time":2764401,"series":["sws_abs_height",39,780.743591]}
{"time":2764405,"series":["bim_l_pos",39,0]}
{"time":2764408,"series":["bim_r_pos",39,0]}
{"time":2764411,"track":[39,45.116758,35.776902,796.69]}
{"time":2764415,"series":["velocity_lat",39,8.240727]}
{"time":2764419,"series":["velocity_lon",39,17.466060]}
{"time":2764423,"series":["velocity_alt",39,-5.942494]}
{"time":2764427,"series":["heading_true",39,0.307698]}
{"time":2764430,"series":["heading_mgn",39,0.216235]}
{"time":2764434,"series":["course",39,1.129305]}
{"time":2764438,"series":["pitch",39,0.048380]}
{"time":2764441,"series":["roll",39,0.187169]}
{"time":2764444,"series":["map",39,52.00]}
{"time":2764447,"series":["bim_left_cmd",39,0]}
{"time":2764450,"series":["bim_right_cmd",39,30]}
{"time":2764454,"series":["td_cmd",39,0]}
{"time":2765190,"series":["timestamp",40,40]}
{"time":2765193,"series":["sns_lat",40,787437124952]}
{"time":2765196,"series":["sns_lon",40,624428685939]}
{"time":2765200,"series":["sns_alt",40,791955432556070]}
{"time":2765204,"series":["sns_vel_lat",40,6701669]}
{"time":2765208,"series":["sns_vel_lon",40,17863434]}
{"time":2765211,"series":["sns_vel_alt",40,-5851275]}
{"time":2765215,"series":["sns_course",40,1211578]}
{"time":2765219,"series":["sns_heading_true",40,681888]}
{"time":2765222,"series":["sns_heading_mgn",40,590424]}
{"time":2765226,"series":["sns_pitch",40,49190]}
{"time":2765230,"series":["sns_roll",40,350146]}
{"time":2765233,"series":["sws_true_speed",40,22.547058]}
{"time":2765237,"series":["sws_inst_speed",40,21.712015]}
{"time":2765241,"series":["sws_abs_height",40,779.270386]}
{"time":2765245,"series":["bim_l_pos",40,0]}
{"time":2765248,"series":["bim_r_pos",40,11]}
{"time":2765251,"track":[40,45.116823,35.777128,791.96]}
{"time":2765255,"series":["velocity_lat",40,6.701669]}
{"time":2765259,"series":["velocity_lon",40,17.863434]}
{"time":2765263,"series":["velocity_alt",40,-5.851275]}
{"time":2765267,"series":["heading_true",40,0.681888]}
{"time":2765270,"series":["heading_mgn",40,0.590424]}
{"time":2765274,"series":["course",40,1.211578]}
{"time":2765277,"series":["pitch",40,0.049190]}
{"time":2765281,"series":["roll",40,0.350146]}
{"time":2765284,"series":["map",40,53.00]}
{"time":2765287,"series":["bim_left_cmd",40,0]}
{"time":2765290,"series":["bim_right_cmd",40,30]}
{"time":2765294,"series":["td_cmd",40,0]}
{"time":2766181,"series":["timestamp",41,41]}
{"time":2766184,"series":["sns_lat",41,787438089305]}
{"time":2766187,"series":["sns_lon",41,624432684671]}
{"time":2766191,"series":["sns_alt",41,787330153274095]}
{"time":2766195,"series":["sns_vel_lat",41,5640911]}
{"time":2766199,"series":["sns_vel_lon",41,18046336]}
{"time":2766202,"series":["sns_vel_alt",41,-5765222]}
{"time":2766206,"series":["sns_course",41,1268500]}
{"time":2766210,"series":["sns_heading_true",41,960174]}
{"time":2766213,"series":["sns_heading_mgn",41,868709]}
{"time":2766217,"series":["sns_pitch",41,-68541]}
{"time":2766221,"series":["sns_roll",41,470132]}
{"time":2766224,"series":["sws_true_speed",41,21.818434]}
{"time":2766228,"series":["sws_inst_speed",41,21.015053]}
{"time":2766232,"series":["sws_abs_height",41,774.715027]}
{"time":2766236,"series":["bim_l_pos",41,0]}
{"time":2766239,"series":["bim_r_pos",41,25]}
{"time":2766242,"track":[41,45.116878,35.777357,787.33]}
{"time":2766246,"series":["velocity_lat",41,5.640911]}
{"time":2766250,"series":["velocity_lon",41,18.046336]}
{"time":2766254,"series":["velocity_alt",41,-5.765222]}
{"time":2766258,"series":["heading_true",41,0.960174]}
{"time":2766262,"series":["heading_mgn",41,0.868709]}
{"time":2766265,"series":["course",41,1.268500]}
{"time":2766269,"series":["pitch",41,-0.068541]}
{"time":2766272,"series":["roll",41,0.470132]}
{"time":2766275,"series":["map",41,53.00]}
{"time":2766278,"series":["bim_left_cmd",41,0]}
{"time":2766282,"series":["bim_right_cmd",41,30]}
{"time":2766285,"series":["td_cmd",41,0]}
{"time":2767181,"series":["timestamp",42,42]}
{"time":2767184,"series":["sns_lat",42,787439012622]}
{"time":2767188,"series":["sns_lon",42,624436547790]}
{"time":2767191,"series":["sns_alt",42,782897351199031]}
{"time":2767195,"series":["sns_vel_lat",42,5980481]}
{"time":2767199,"series":["sns_vel_lon",42,17156710]}
{"time":2767202,"series":["sns_vel_alt",42,-5686367]}
{"time":2767206,"series":["sns_course",42,1236612]}
{"time":2767210,"series":["sns_heading_true",42,898197]}
{"time":2767214,"series":["sns_heading_mgn",42,806731]}
{"time":2767217,"series":["sns_pitch",42,28020]}
{"time":2767221,"series":["sns_roll",42,391972]}
{"time":2767224,"series":["sws_true_speed",42,20.889015]}
{"time":2767228,"series":["sws_inst_speed",42,20.123808]}
{"time":2767232,"series":["sws_abs_height",42,770.695984]}
{"time":2767236,"series":["bim_l_pos",42,0]}
{"time":2767239,"series":["bim_r_pos",42,30]}
{"time":2767242,"track":[42,45.116931,35.777578,782.90]}
{"time":2767246,"series":["velocity_lat",42,5.980481]}
{"time":2767250,"series":["velocity_lon",42,17.156710]}
{"time":2767254,"series":["velocity_alt",42,-5.686367]}
{"time":2767258,"series":["heading_true",42,0.898197]}
{"time":2767262,"series":["heading_mgn",42,0.806731]}
{"time":2767265,"series":["course",42,1.236612]}
{"time":2767269,"series":["pitch",42,0.028020]}
{"time":2767272,"series":["roll",42,0.391972]}
{"time":2767275,"series":["map",42,53.00]}
{"time":2767278,"series":["bim_left_cmd",42,0]}
{"time":2767281,"series":["bim_right_cmd",42,30]}
{"time":2767285,"series":["td_cmd",42,0]}
{"time":2768292,"series":["timestamp",43,43]}
{"time":2768295,"series":["sns_lat",43,787440117079]}
{"time":2768299,"series":["sns_lon",43,624440169990]}
{"time":2768302,"series":["sns_alt",43,778825181376838]}
{"time":2768306,"series":["sns_vel_lat",43,7594626]}
{"time":2768310,"series":["sns_vel_lon",43,15637501]}
{"time":2768314,"series":["sns_vel_alt",43,-5584876]}
{"time":2768317,"series":["sns_course",43,1122282]}
{"time":2768321,"series":["sns_heading_true",43,1027519]}
{"time":2768325,"series":["sns_heading_mgn",43,936052]}
{"time":2768329,"series":["sns_pitch",43,-53396]}
{"time":2768332,"series":["sns_roll",43,404932]}
{"time":2768335,"series":["sws_true_speed",43,20.340485]}
{"time":2768339,"series":["sws_inst_speed",43,19.599216]}
{"time":2768343,"series":["sws_abs_height",43,766.679138]}
{"time":2768347,"series":["bim_l_pos",43,0]}
{"time":2768350,"series":["bim_r_pos",43,30]}
{"time":2768354,"track":[43,45.116995,35.777786,778.83]}
{"time":2768358,"series":["velocity_lat",43,7.594626]}
{"time":2768361,"series":["velocity_lon",43,15.637501]}
{"time":2768365,"series":["velocity_alt",43,-5.584876]}
{"time":2768369,"series":["heading_true",43,1.027519]}
{"time":2768373,"series":["heading_mgn",43,0.936052]}
{"time":2768376,"series":["course",43,1.122282]}
{"time":2768380,"series":["pitch",43,-0.053396]}
{"time":2768383,"series":["roll",43,0.404932]}
{"time":2768386,"series":["map",43,53.00]}
{"time":2768389,"series":["bim_left_cmd",43,0]}
{"time":2768393,"series":["bim_right_cmd",43,30]}
{"time":2768396,"series":["td_cmd",43,0]}
{"time":2769165,"series":["timestamp",44,44]}
{"time":2769168,"series":["sns_lat",44,787441534098]}
{"time":2769172,"series":["sns_lon",44,624443288775]}
{"time":2769175,"series":["sns_alt",44,774481196637170]}
{"time":2769179,"series":["sns_vel_lat",44,9705899]}
{"time":2769183,"series":["sns_vel_lon",44,13221179]}
{"time":2769187,"series":["sns_vel_alt",44,-5510193]}
{"time":2769190,"series":["sns_course",44,942288]}
{"time":2769194,"series":["sns_heading_true",44,257942]}
{"time":2769198,"series":["sns_heading_mgn",44,166474]}
{"time":2769202,"series":["sns_pitch",44,-49090]}
{"time":2769205,"series":["sns_roll",44,60257]}
{"time":2769208,"series":["sws_true_speed",44,21.027239]}
{"time":2769212,"series":["sws_inst_speed",44,20.263062]}
{"time":2769216,"series":["sws_abs_height",44,764.538330]}
{"time":2769221,"series":["bim_l_pos",44,0]}
{"time":2769224,"series":["bim_r_pos",44,30]}
{"time":2769227,"track":[44,45.117076,35.777964,774.48]}
{"time":2769231,"series":["velocity_lat",44,9.705899]}
{"time":2769234,"series":["velocity_lon",44,13.221179]}
{"time":2769238,"series":["velocity_alt",44,-5.510193]}
{"time":2769242,"series":["heading_true",44,0.257942]}
{"time":2769246,"series":["heading_mgn",44,0.166474]}
{"time":2769250,"series":["course",44,0.942288]}
{"time":2769253,"series":["pitch",44,-0.049090]}
{"time":2769256,"series":["roll",44,0.060257]}
{"time":2769260,"series":["map",44,53.00]}
{"time":2769263,"series":["bim_left_cmd",44,0]}
{"time":2769266,"series":["bim_right_cmd",44,30]}
{"time":2769269,"series":["td_cmd",44,0]}
{"time":2770205,"series":["timestamp",45,45]}
{"time":2770208,"series":["sns_lat",45,787443275746]}
{"time":2770212,"series":["sns_lon",45,624445733469]}
{"time":2770216,"series":["sns_alt",45,769173017831210]}
{"time":2770219,"series":["sns_vel_lat",45,12188536]}
{"time":2770223,"series":["sns_vel_lon",45,9648454]}
{"time":2770227,"series":["sns_vel_alt",45,-5526779]}
{"time":2770230,"series":["sns_course",45,677792]}
{"time":2770234,"series":["sns_heading_true",45,5890854]}
{"time":2770238,"series":["sns_heading_mgn",45,5799385]}
{"time":2770242,"series":["sns_pitch",45,-18079]}
{"time":2770245,"series":["sns_roll",45,-167820]}
{"time":2770249,"series":["sws_true_speed",45,20.939001]}
{"time":2770253,"series":["sws_inst_speed",45,20.186077]}
{"time":2770257,"series":["sws_abs_height",45,756.376099]}
{"time":2770261,"series":["bim_l_pos",45,0]}
{"time":2770264,"series":["bim_r_pos",45,30]}
{"time":2770267,"track":[45,45.117176,35.778105,769.17]}
{"time":2770271,"series":["velocity_lat",45,12.188536]}
{"time":2770275,"series":["velocity_lon",45,9.648454]}
{"time":2770278,"series":["velocity_alt",45,-5.526779]}
{"time":2770282,"series":["heading_true",45,5.890854]}
{"time":2770286,"series":["heading_mgn",45,5.799385]}
{"time":2770290,"series":["course",45,0.677792]}
{"time":2770293,"series":["pitch",45,-0.018079]}
{"time":2770296,"series":["roll",45,-0.167820]}
{"time":2770300,"series":["map",45,53.00]}
{"time":2770303,"series":["bim_left_cmd",45,0]}
{"time":2770306,"series":["bim_right_cmd",45,30]}
{"time":2770309,"series":["td_cmd",45,0]}
{"time":2771198,"series":["timestamp",46,46]}
{"time":2771201,"series":["sns_lat",46,787445447713]}
{"time":2771205,"series":["sns_lon",46,624447390957]}
{"time":2771209,"series":["sns_alt",46,763009881938989]}
{"time":2771213,"series":["sns_vel_lat",46,14882991]}
{"time":2771216,"series":["sns_vel_lon",46,5243599]}
{"time":2771220,"series":["sns_vel_alt",46,-5602215]}
{"time":2771224,"series":["sns_course",46,353326]}
{"time":2771227,"series":["sns_heading_true",46,6038504]}
{"time":2771231,"series":["sns_heading_mgn",46,5947034]}
{"time":2771235,"series":["sns_pitch",46,-94158]}
{"time":2771238,"series":["sns_roll",46,-27061]}
{"time":2771242,"series":["sws_true_speed",46,20.960243]}
{"time":2771246,"series":["sws_inst_speed",46,20.213682]}
{"time":2771250,"series":["sws_abs_height",46,749.154968]}
{"time":2771254,"series":["bim_l_pos",46,0]}
{"time":2771257,"series":["bim_r_pos",46,30]}
{"time":2771260,"track":[46,45.117300,35.778200,763.01]}
{"time":2771264,"series":["velocity_lat",46,14.882991]}
{"time":2771268,"series":["velocity_lon",46,5.243599]}
{"time":2771271,"series":["velocity_alt",46,-5.602215]}
{"time":2771275,"series":["heading_true",46,6.038504]}
{"time":2771279,"series":["heading_mgn",46,5.947034]}
{"time":2771283,"series":["course",46,0.353326]}
{"time":2771286,"series":["pitch",46,-0.094158]}
{"time":2771289,"series":["roll",46,-0.027061]}
{"time":2771293,"series":["map",46,53.00]}
{"time":2771296,"series":["bim_left_cmd",46,0]}
{"time":2771299,"series":["bim_right_cmd",46,30]}
{"time":2771303,"series":["td_cmd",46,0]}
{"time":2772318,"series":["timestamp",47,47]}
{"time":2772321,"series":["sns_lat",47,787447959731]}
{"time":2772325,"series":["sns_lon",47,624448045624]}
{"time":2772329,"series":["sns_alt",47,756452317288022]}
{"time":2772333,"series":["sns_vel_lat",47,16666065]}
{"time":2772336,"series":["sns_vel_lon",47,821396]}
{"time":2772340,"series":["sns_vel_alt",47,-5708261]}
{"time":2772343,"series":["sns_course",47,59733]}
{"time":2772347,"series":["sns_heading_true",47,164193]}
{"time":2772351,"series":["sns_heading_mgn",47,72722]}
{"time":2772355,"series":["sns_pitch",47,12068]}
{"time":2772358,"series":["sns_roll",47,147761]}
{"time":2772361,"series":["sws_true_speed",47,23.609179]}
{"time":2772365,"series":["sws_inst_speed",47,22.776737]}
{"time":2772369,"series":["sws_abs_height",47,741.536133]}
{"time":2772373,"series":["bim_l_pos",47,0]}
{"time":2772376,"series":["bim_r_pos",47,30]}
{"time":2772379,"track":[47,45.117444,35.778237,756.45]}
{"time":2772383,"series":["velocity_lat",47,16.666065]}
{"time":2772387,"series":["velocity_lon",47,0.821396]}
{"time":2772391,"series":["velocity_alt",47,-5.708261]}
{"time":2772395,"series":["heading_true",47,0.164193]}
{"time":2772399,"series":["heading_mgn",47,0.072722]}
{"time":2772402,"series":["course",47,0.059733]}
{"time":2772406,"series":["pitch",47,0.012068]}
{"time":2772409,"series":["roll",47,0.147761]}
{"time":2772412,"series":["map",47,53.00]}
{"time":2772415,"series":["bim_left_cmd",47,40]}
{"time":2772419,"series":["bim_right_cmd",47,0]}
{"time":2772422,"series":["td_cmd",47,0]}
{"time":2773189,"series":["timestamp",48,48]}
{"time":2773192,"series":["sns_lat",48,787450670025]}
{"time":2773196,"series":["sns_lon",48,624447569696]}
{"time":2773200,"series":["sns_alt",48,750258887528209]}
{"time":2773204,"series":["sns_vel_lat",48,17632019]}
{"time":2773207,"series":["sns_vel_lon",48,-4173321]}
{"time":2773211,"series":["sns_vel_alt",48,-5772303]}
{"time":2773215,"series":["sns_course",48,6058945]}
{"time":2773218,"series":["sns_heading_true",48,572647]}
{"time":2773222,"series":["sns_heading_mgn",48,481176]}
{"time":2773226,"series":["sns_pitch",48,-31622]}
{"time":2773229,"series":["sns_roll",48,306943]}
{"time":2773233,"series":["sws_true_speed",48,23.598761]}
{"time":2773237,"series":["sws_inst_speed",48,22.773218]}
{"time":2773241,"series":["sws_abs_height",48,735.659790]}
{"time":2773245,"series":["bim_l_pos",48,0]}
{"time":2773248,"series":["bim_r_pos",48,18]}
{"time":2773251,"track":[48,45.117599,35.778210,750.26]}
{"time":2773255,"series":["velocity_lat",48,17.632019]}
{"time":2773259,"series":["velocity_lon",48,-4.173321]}
{"time":2773263,"series":["velocity_alt",48,-5.772303]}
{"time":2773267,"series":["heading_true",48,0.572647]}
{"time":2773270,"series":["heading_mgn",48,0.481176]}
{"time":2773274,"series":["course",48,6.058945]}
{"time":2773277,"series":["pitch",48,-0.031622]}
{"time":2773281,"series":["roll",48,0.306943]}
{"time":2773284,"series":["map",48,53.00]}
{"time":2773287,"series":["bim_left_cmd",48,0]}
{"time":2773290,"series":["bim_right_cmd",48,0]}
{"time":2773294,"series":["td_cmd",48,0]}
{"time":2774155,"warning":"the flight is over"}
{"time":2774158,"point":["final",45.117759,0.000000,0.00]}
{"time":2779103,"warning":"bims-relay: has been disabled!"}
